2024/12/10 23:13:07 Error deleting brand: failed to delete genre: pq: relation "genre" does not exist
2024/12/10 23:15:25 Database connected
2024/12/10 23:15:25 Server running on port: 8080
2024/12/10 23:18:02 Received brand name: Mitsubishi
2024/12/10 23:18:02 Adding brand: {Id:0 Name:Mitsubishi CreatedAt:2024-12-10 23:18:02.4249769 +0700 +07 m=+157.046050001 UpdatedAt:0001-01-01 00:00:00 +0000 UTC DeletedAt:0001-01-01 00:00:00 +0000 UTC}
2024/12/10 23:18:02 Brand New added successfully
2024/12/10 23:18:11 Received brand name: Honda
2024/12/10 23:18:11 Adding brand: {Id:0 Name:Honda CreatedAt:2024-12-10 23:18:11.6035741 +0700 +07 m=+166.224647201 UpdatedAt:0001-01-01 00:00:00 +0000 UTC DeletedAt:0001-01-01 00:00:00 +0000 UTC}
2024/12/10 23:18:11 Brand New added successfully
2024/12/13 01:26:33 Database connected
2024/12/13 01:26:33 Server running on port 8080
2024/12/13 01:34:58 Database connected
2024/12/13 01:34:58 Server running on port 8080
2024/12/13 01:39:12 Database connected
2024/12/13 01:39:13 Server running on port 8080
2024/12/13 01:45:29 Database connected
2024/12/13 01:45:29 Server running on port 8080
2024/12/13 02:00:37 Database connected
2024/12/13 02:00:37 Server running on port 8080
2024/12/13 02:13:19 Database connected
2024/12/13 02:13:19 Server running on port 8080
2024/12/13 06:27:45 Database connected
2024/12/13 06:27:45 Server running on port 8080
2024/12/13 08:15:47 Database connected
2024/12/13 08:15:47 Server running on port 8080
2024/12/13 08:24:32 Database connected
2024/12/13 08:24:32 Server running on port 8080
2024/12/13 09:23:01 Database connected
2024/12/13 09:23:01 Server running on port 8080
2024/12/13 09:50:24 Database connected
2024/12/13 09:50:24 Server running on port 8080
2024/12/13 10:15:32 Database connected
2024/12/13 10:15:32 Server running on port 8080
2024/12/13 11:15:58 Database connected
2024/12/13 11:15:58 Server running on port 8080
